<?xml version="1.0" encoding="UTF-8"?>
<!-- Generated by org.testng.reporters.JUnitXMLReporter -->
<testsuite ignored="0" hostname="LAPTOP-RFDNNRIC" failures="0" tests="3" name="Default test" time="39.16" errors="0" timestamp="2023-06-27T23:25:36 IST">
  <testcase classname="Practice1.bookDemo" name="getBook" time="37.48"/>
  <testcase classname="Practice1.bookDemo" name="getBook" time="0.132"/>
  <testcase classname="Practice1.bookDemo" name="getBook" time="0.097"/>
</testsuite> <!-- Default test -->
