<?xml version="1.0" encoding="UTF-8"?>
<testng-results ignored="0" total="3" passed="3" failed="0" skipped="0">
  <reporter-output>
  </reporter-output>
  <suite started-at="2023-06-27T23:24:55 IST" name="Default suite" finished-at="2023-06-27T23:25:35 IST" duration-ms="39160">
    <groups>
    </groups>
    <test started-at="2023-06-27T23:24:55 IST" name="Default test" finished-at="2023-06-27T23:25:35 IST" duration-ms="39160">
      <class name="Practice1.bookDemo">
        <test-method signature="getBook(java.lang.String,java.lang.String)[pri:0, instance:Practice1.bookDemo@bd4dc25]" started-at="2023-06-27T23:24:57 IST" name="getBook" data-provider="BookData" finished-at="2023-06-27T23:25:34 IST" duration-ms="37480" status="PASS">
          <params>
            <param index="0">
              <value>
                <![CDATA[ABC]]>
              </value>
            </param>
            <param index="1">
              <value>
                <![CDATA[111]]>
              </value>
            </param>
          </params>
          <reporter-output>
          </reporter-output>
        </test-method> <!-- getBook -->
        <test-method signature="getBook(java.lang.String,java.lang.String)[pri:0, instance:Practice1.bookDemo@bd4dc25]" started-at="2023-06-27T23:25:34 IST" name="getBook" data-provider="BookData" finished-at="2023-06-27T23:25:35 IST" duration-ms="132" status="PASS">
          <params>
            <param index="0">
              <value>
                <![CDATA[ABD]]>
              </value>
            </param>
            <param index="1">
              <value>
                <![CDATA[112]]>
              </value>
            </param>
          </params>
          <reporter-output>
          </reporter-output>
        </test-method> <!-- getBook -->
        <test-method signature="getBook(java.lang.String,java.lang.String)[pri:0, instance:Practice1.bookDemo@bd4dc25]" started-at="2023-06-27T23:25:35 IST" name="getBook" data-provider="BookData" finished-at="2023-06-27T23:25:35 IST" duration-ms="97" status="PASS">
          <params>
            <param index="0">
              <value>
                <![CDATA[ABE]]>
              </value>
            </param>
            <param index="1">
              <value>
                <![CDATA[113]]>
              </value>
            </param>
          </params>
          <reporter-output>
          </reporter-output>
        </test-method> <!-- getBook -->
      </class> <!-- Practice1.bookDemo -->
    </test> <!-- Default test -->
  </suite> <!-- Default suite -->
</testng-results>
