<?xml version="1.0" encoding="UTF-8"?>
<!-- Generated by org.testng.reporters.JUnitXMLReporter -->
<testsuite ignored="1" hostname="LAPTOP-RFDNNRIC" failures="0" tests="2" name="Car Loan" time="0.016" errors="0" timestamp="2021-07-01T12:11:17 IST">
  <testcase classname="test.secondTest" name="test4" time="0.003"/>
  <testcase classname="test.secondTest" name="test5" time="0.003"/>
  <testcase classname="test.secondTest" name="test3" time="0.0">
    <ignored/>
  </testcase> <!-- test3 -->
</testsuite> <!-- Car Loan -->
