<?xml version="1.0" encoding="UTF-8"?>
<!-- Generated by org.testng.reporters.JUnitXMLReporter -->
<testsuite ignored="3" hostname="LAPTOP-RFDNNRIC" failures="0" tests="0" time="0.002" errors="0" timestamp="2021-07-01T12:11:17 IST">
  <testcase classname="test.thirdTest" name="test8" time="0.0">
    <ignored/>
  </testcase> <!-- test8 -->
  <testcase classname="test.thirdTest" name="test6" time="0.0">
    <ignored/>
  </testcase> <!-- test6 -->
  <testcase classname="test.thirdTest" name="test7" time="0.0">
    <ignored/>
  </testcase> <!-- test7 -->
</testsuite>
