<?xml version="1.0" encoding="UTF-8"?>
<!-- Generated by org.testng.reporters.JUnitXMLReporter -->
<testsuite ignored="6" hostname="LAPTOP-RFDNNRIC" failures="1" tests="3" name="testNG Learning for grouping" time="0.098" errors="0" timestamp="2021-12-18T18:28:49 IST">
  <testcase classname="test.firstTest" name="test1" time="0.014">
    <failure type="java.lang.AssertionError" message="expected [true] but found [false]">
      <![CDATA[java.lang.AssertionError: expected [true] but found [false]
at test.firstTest.test1(firstTest.java:17)
at java.base/java.util.ArrayList.forEach(ArrayList.java:1511)
... Removed 31 stack frames]]>
    </failure>
  </testcase> <!-- test1 -->
  <testcase classname="test.secondTest" name="test4" time="0.003"/>
  <testcase classname="test.secondTest" name="test5" time="0.004"/>
  <testcase classname="test.secondTest" name="test3" time="0.0">
    <ignored/>
  </testcase> <!-- test3 -->
  <testcase classname="test.thirdTest" name="test8" time="0.0">
    <ignored/>
  </testcase> <!-- test8 -->
  <testcase classname="test.firstTest" name="test18" time="0.0">
    <ignored/>
  </testcase> <!-- test18 -->
  <testcase classname="test.thirdTest" name="test6" time="0.0">
    <ignored/>
  </testcase> <!-- test6 -->
  <testcase classname="test.firstTest" name="test2" time="0.0">
    <ignored/>
  </testcase> <!-- test2 -->
  <testcase classname="test.thirdTest" name="test7" time="0.0">
    <ignored/>
  </testcase> <!-- test7 -->
</testsuite> <!-- testNG Learning for grouping -->
