<?xml version="1.0" encoding="UTF-8"?>
<testng-results ignored="0" total="2" passed="2" failed="0" skipped="0">
  <reporter-output>
  </reporter-output>
  <suite started-at="2021-08-15T11:12:36Z" name="Default suite" finished-at="2021-08-15T11:13:42Z" duration-ms="65976">
    <groups>
    </groups>
    <test started-at="2021-08-15T11:12:36Z" name="Default test" finished-at="2021-08-15T11:13:42Z" duration-ms="65976">
      <class name="FinalProject.End.HomePage">
        <test-method is-config="true" signature="browserInvokation()[pri:0, instance:FinalProject.End.HomePage@727eb8cb]" started-at="2021-08-15T11:12:36Z" name="browserInvokation" finished-at="2021-08-15T11:12:43Z" duration-ms="6567" status="PASS">
          <reporter-output>
          </reporter-output>
        </test-method> <!-- browserInvokation -->
        <test-method signature="Test1(java.lang.String, java.lang.String)[pri:0, instance:FinalProject.End.HomePage@727eb8cb]" started-at="2021-08-15T11:12:43Z" name="Test1" data-provider="getData" finished-at="2021-08-15T11:13:11Z" duration-ms="27957" status="PASS">
          <params>
            <param index="0">
              <value>
                <![CDATA[useer1@abc.com]]>
              </value>
            </param>
            <param index="1">
              <value>
                <![CDATA[123456]]>
              </value>
            </param>
          </params>
          <reporter-output>
          </reporter-output>
        </test-method> <!-- Test1 -->
        <test-method signature="Test1(java.lang.String, java.lang.String)[pri:0, instance:FinalProject.End.HomePage@727eb8cb]" started-at="2021-08-15T11:13:11Z" name="Test1" data-provider="getData" finished-at="2021-08-15T11:13:38Z" duration-ms="27189" status="PASS">
          <params>
            <param index="0">
              <value>
                <![CDATA[user2@abc.com]]>
              </value>
            </param>
            <param index="1">
              <value>
                <![CDATA[123466789]]>
              </value>
            </param>
          </params>
          <reporter-output>
          </reporter-output>
        </test-method> <!-- Test1 -->
        <test-method is-config="true" signature="browserClosing()[pri:0, instance:FinalProject.End.HomePage@727eb8cb]" started-at="2021-08-15T11:13:38Z" name="browserClosing" finished-at="2021-08-15T11:13:42Z" duration-ms="4177" status="PASS">
          <reporter-output>
          </reporter-output>
        </test-method> <!-- browserClosing -->
      </class> <!-- FinalProject.End.HomePage -->
    </test> <!-- Default test -->
  </suite> <!-- Default suite -->
</testng-results>
