<?xml version="1.0" encoding="UTF-8"?>
<!-- Generated by org.testng.reporters.JUnitXMLReporter -->
<testsuite ignored="0" hostname="LAPTOP-RFDNNRIC" failures="0" tests="6" name="Test" time="0.11" errors="0" timestamp="2021-07-02T15:41:55 IST">
  <testcase classname="AutomationLearning.MavenProject.thirdTest" name="test5" time="0.007"/>
  <testcase classname="AutomationLearning.MavenProject.thirdTest" name="test6" time="0.0"/>
  <testcase classname="AutomationLearning.MavenProject.firstTest" name="test1" time="0.0"/>
  <testcase classname="AutomationLearning.MavenProject.firstTest" name="test2" time="0.0"/>
  <testcase classname="AutomationLearning.MavenProject.secondTest" name="test3" time="0.0"/>
  <testcase classname="AutomationLearning.MavenProject.secondTest" name="test4" time="0.001"/>
</testsuite> <!-- Test -->
