<?xml version="1.0" encoding="UTF-8"?>
<testng-results ignored="0" total="6" passed="6" failed="0" skipped="0">
  <reporter-output>
  </reporter-output>
  <suite started-at="2021-07-02T15:41:55 IST" name="Suite" finished-at="2021-07-02T15:41:55 IST" duration-ms="110">
    <groups>
    </groups>
    <test started-at="2021-07-02T15:41:55 IST" name="Test" finished-at="2021-07-02T15:41:55 IST" duration-ms="110">
      <class name="AutomationLearning.MavenProject.firstTest">
        <test-method signature="test1()[pri:0, instance:AutomationLearning.MavenProject.firstTest@1d082e88]" started-at="2021-07-02T15:41:55 IST" name="test1" finished-at="2021-07-02T15:41:55 IST" duration-ms="0" status="PASS">
          <reporter-output>
          </reporter-output>
        </test-method> <!-- test1 -->
        <test-method signature="test2()[pri:0, instance:AutomationLearning.MavenProject.firstTest@1d082e88]" started-at="2021-07-02T15:41:55 IST" name="test2" finished-at="2021-07-02T15:41:55 IST" duration-ms="0" status="PASS">
          <reporter-output>
          </reporter-output>
        </test-method> <!-- test2 -->
      </class> <!-- AutomationLearning.MavenProject.firstTest -->
      <class name="AutomationLearning.MavenProject.thirdTest">
        <test-method signature="test5()[pri:0, instance:AutomationLearning.MavenProject.thirdTest@501edcf1]" started-at="2021-07-02T15:41:55 IST" name="test5" finished-at="2021-07-02T15:41:55 IST" duration-ms="7" status="PASS">
          <reporter-output>
          </reporter-output>
        </test-method> <!-- test5 -->
        <test-method signature="test6()[pri:0, instance:AutomationLearning.MavenProject.thirdTest@501edcf1]" started-at="2021-07-02T15:41:55 IST" name="test6" finished-at="2021-07-02T15:41:55 IST" duration-ms="0" status="PASS">
          <reporter-output>
          </reporter-output>
        </test-method> <!-- test6 -->
      </class> <!-- AutomationLearning.MavenProject.thirdTest -->
      <class name="AutomationLearning.MavenProject.secondTest">
        <test-method signature="test3()[pri:0, instance:AutomationLearning.MavenProject.secondTest@60704c]" started-at="2021-07-02T15:41:55 IST" name="test3" finished-at="2021-07-02T15:41:55 IST" duration-ms="0" status="PASS">
          <reporter-output>
          </reporter-output>
        </test-method> <!-- test3 -->
        <test-method signature="test4()[pri:0, instance:AutomationLearning.MavenProject.secondTest@60704c]" started-at="2021-07-02T15:41:55 IST" name="test4" finished-at="2021-07-02T15:41:55 IST" duration-ms="1" status="PASS">
          <reporter-output>
          </reporter-output>
        </test-method> <!-- test4 -->
      </class> <!-- AutomationLearning.MavenProject.secondTest -->
    </test> <!-- Test -->
  </suite> <!-- Suite -->
</testng-results>
