<?xml version="1.0" encoding="UTF-8"?>
<testsuite xmlns:xsi="http://www.w3.org/2001/XMLSchema-instance" xsi:noNamespaceSchemaLocation="https://maven.apache.org/surefire/maven-surefire-plugin/xsd/surefire-test-report-3.0.xsd" version="3.0" name="TestSuite" time="4.143" tests="6" errors="0" skipped="0" failures="0">
  <properties>
[...]
</properties>
  <testcase name="test5" classname="AutomationLearning.MavenProject.thirdTest" time="0.011">
    <system-out><![CDATA[Output of Test5
]]></system-out>
  </testcase>
  <testcase name="test6" classname="AutomationLearning.MavenProject.thirdTest" time="0.002">
    <system-out><![CDATA[Output of Test6
]]></system-out>
  </testcase>
  <testcase name="test1" classname="AutomationLearning.MavenProject.firstTest" time="0.002">
    <system-out><![CDATA[Output of Test1
]]></system-out>
  </testcase>
  <testcase name="test2" classname="AutomationLearning.MavenProject.firstTest" time="0.002">
    <system-out><![CDATA[Output of Test2
]]></system-out>
  </testcase>
  <testcase name="test3" classname="AutomationLearning.MavenProject.secondTest" time="0.002">
    <system-out><![CDATA[Output for Test3
]]></system-out>
  </testcase>
  <testcase name="test4" classname="AutomationLearning.MavenProject.secondTest" time="0.002">
    <system-out><![CDATA[Output of Test4
]]></system-out>
  </testcase>
</testsuite>