<?xml version="1.0" encoding="UTF-8"?>
<testng-results ignored="0" total="1" passed="1" failed="0" skipped="0">
  <reporter-output>
  </reporter-output>
  <suite started-at="2021-07-05T13:23:29 IST" name="Default suite" finished-at="2021-07-05T13:23:31 IST" duration-ms="2200">
    <groups>
      <group name="cucumber">
        <method signature="AbstractTestNGCucumberTests.runScenario(io.cucumber.testng.PickleWrapper,io.cucumber.testng.FeatureWrapper)[pri:0, instance:CucumberOutput.TestNGTestRunner@4d465b11]" name="runScenario" class="io.cucumber.testng.AbstractTestNGCucumberTests"/>
      </group> <!-- cucumber -->
    </groups>
    <test started-at="2021-07-05T13:23:29 IST" name="Default test" finished-at="2021-07-05T13:23:31 IST" duration-ms="2200">
      <class name="CucumberOutput.TestNGTestRunner">
        <test-method is-config="true" signature="setUpClass()[pri:0, instance:CucumberOutput.TestNGTestRunner@4d465b11]" started-at="2021-07-05T13:23:29 IST" name="setUpClass" finished-at="2021-07-05T13:23:30 IST" duration-ms="1162" status="PASS">
          <reporter-output>
          </reporter-output>
        </test-method> <!-- setUpClass -->
        <test-method signature="runScenario(io.cucumber.testng.PickleWrapper,io.cucumber.testng.FeatureWrapper)[pri:0, instance:CucumberOutput.TestNGTestRunner@4d465b11]" started-at="2021-07-05T13:23:30 IST" name="runScenario" description="Runs Cucumber Scenarios" data-provider="scenarios" finished-at="2021-07-05T13:23:31 IST" duration-ms="845" status="PASS">
          <params>
            <param index="0">
              <value>
                <![CDATA["HomePage default login"]]>
              </value>
            </param>
            <param index="1">
              <value>
                <![CDATA["Optional[Application login]"]]>
              </value>
            </param>
          </params>
          <reporter-output>
          </reporter-output>
        </test-method> <!-- runScenario -->
        <test-method is-config="true" signature="tearDownClass()[pri:0, instance:CucumberOutput.TestNGTestRunner@4d465b11]" started-at="2021-07-05T13:23:31 IST" name="tearDownClass" finished-at="2021-07-05T13:23:31 IST" duration-ms="69" status="PASS">
          <reporter-output>
          </reporter-output>
        </test-method> <!-- tearDownClass -->
      </class> <!-- CucumberOutput.TestNGTestRunner -->
    </test> <!-- Default test -->
  </suite> <!-- Default suite -->
</testng-results>
