<?xml version="1.0" encoding="UTF-8"?>
<testng-results ignored="0" total="1" passed="1" failed="0" skipped="0">
  <reporter-output>
  </reporter-output>
  <suite started-at="2021-07-19T12:18:19 IST" name="Default suite" finished-at="2021-07-19T12:18:57 IST" duration-ms="37609">
    <groups>
    </groups>
    <test started-at="2021-07-19T12:18:19 IST" name="Default test" finished-at="2021-07-19T12:18:57 IST" duration-ms="37609">
      <class name="AutomationLearning.MavenProject.ExtentReportDemo">
        <test-method is-config="true" signature="Config()[pri:0, instance:AutomationLearning.MavenProject.ExtentReportDemo@1da2cb77]" started-at="2021-07-19T12:18:19 IST" name="Config" finished-at="2021-07-19T12:18:21 IST" duration-ms="1525" status="PASS">
          <reporter-output>
          </reporter-output>
        </test-method> <!-- Config -->
        <test-method signature="Demo1()[pri:0, instance:AutomationLearning.MavenProject.ExtentReportDemo@1da2cb77]" started-at="2021-07-19T12:18:21 IST" name="Demo1" finished-at="2021-07-19T12:18:57 IST" duration-ms="36030" status="PASS">
          <reporter-output>
          </reporter-output>
        </test-method> <!-- Demo1 -->
      </class> <!-- AutomationLearning.MavenProject.ExtentReportDemo -->
    </test> <!-- Default test -->
  </suite> <!-- Default suite -->
</testng-results>
